<?xml version="1.0" encoding="UTF-8" ?>
<testsuite 
errors="0" failures="0" hostname="internal-hdp-slave2" name="ConnectionTest" tests="1" time="0.3" timestamp="2017-07-19T06:31:02">
  <properties>
    <property name="jline.esc.timeout" value="0"> </property>
    <property name="java.runtime.name" value="Java(TM) SE Runtime Environment">
    </property>
    <property 
    name="sun.boot.library.path" value="/usr/java/jdk1.8.0_45/jre/lib/amd64">
</property>
    <property name="java.vm.version" value="25.45-b02"> </property>
    <property name="java.vm.vendor" value="Oracle Corporation"> </property>
    <property name="java.vendor.url" value="http://java.oracle.com/">
    </property>
    <property name="path.separator" value=":"> </property>
    <property name="java.vm.name" value="Java HotSpot(TM) 64-Bit Server VM">
    </property>
    <property name="file.encoding.pkg" value="sun.io"> </property>
    <property name="user.country" value="US"> </property>
    <property name="sun.java.launcher" value="SUN_STANDARD"> </property>
    <property name="sun.os.patch.level" value="unknown"> </property>
    <property 
    name="java.vm.specification.name" value="Java Virtual Machine Specification">
</property>
    <property name="user.dir" value="/home/gitrepo/CIPOC"> </property>
    <property name="java.runtime.version" value="1.8.0_45-b14"> </property>
    <property 
    name="java.awt.graphicsenv" value="sun.awt.X11GraphicsEnvironment">
</property>
    <property 
    name="java.endorsed.dirs" value="/usr/java/jdk1.8.0_45/jre/lib/endorsed">
</property>
    <property name="os.arch" value="amd64"> </property>
    <property name="java.io.tmpdir" value="/tmp"> </property>
    <property name="line.separator" value=" "> </property>
    <property name="java.vm.specification.vendor" value="Oracle Corporation">
    </property>
    <property name="os.name" value="Linux"> </property>
    <property name="sun.jnu.encoding" value="UTF-8"> </property>
    <property 
    name="java.library.path" value="/usr/java/packages/lib/amd64:/usr/lib64:/lib64:/lib:/usr/lib">
</property>
    <property 
    name="java.specification.name" value="Java Platform API Specification">
</property>
    <property name="java.class.version" value="52.0"> </property>
    <property 
    name="sun.management.compiler" value="HotSpot 64-Bit Tiered Compilers">
</property>
    <property name="os.version" value="2.6.32-696.1.1.el6.x86_64"> </property>
    <property name="user.home" value="/home/gopesh"> </property>
    <property name="user.timezone" value="UTC"> </property>
    <property name="java.awt.printerjob" value="sun.print.PSPrinterJob">
    </property>
    <property name="file.encoding" value="UTF-8"> </property>
    <property name="java.specification.version" value="1.8"> </property>
    <property name="user.name" value="gopesh"> </property>
    <property name="java.class.path" value="/usr/share/sbt/bin/sbt-launch.jar">
    </property>
    <property name="jline.shutdownhook" value="false"> </property>
    <property name="java.vm.specification.version" value="1.8"> </property>
    <property name="sun.arch.data.model" value="64"> </property>
    <property name="java.home" value="/usr/java/jdk1.8.0_45/jre"> </property>
    <property 
    name="sun.java.command" value="/usr/share/sbt/bin/sbt-launch.jar">
</property>
    <property name="java.specification.vendor" value="Oracle Corporation">
    </property>
    <property name="user.language" value="en"> </property>
    <property name="awt.toolkit" value="sun.awt.X11.XToolkit"> </property>
    <property name="java.vm.info" value="mixed mode"> </property>
    <property name="java.version" value="1.8.0_45"> </property>
    <property 
    name="java.ext.dirs" value="/usr/java/jdk1.8.0_45/jre/lib/ext:/usr/java/packages/lib/ext">
</property>
    <property 
    name="sun.boot.class.path" value="/usr/java/jdk1.8.0_45/jre/lib/resources.jar:/usr/java/jdk1.8.0_45/jre/lib/rt.jar:/usr/java/jdk1.8.0_45/jre/lib/sunrsasign.jar:/usr/java/jdk1.8.0_45/jre/lib/jsse.jar:/usr/java/jdk1.8.0_45/jre/lib/jce.jar:/usr/java/jdk1.8.0_45/jre/lib/charsets.jar:/usr/java/jdk1.8.0_45/jre/lib/jfr.jar:/usr/java/jdk1.8.0_45/jre/classes">
</property>
    <property name="java.vendor" value="Oracle Corporation"> </property>
    <property name="file.separator" value="/"> </property>
    <property 
    name="java.vendor.url.bug" value="http://bugreport.sun.com/bugreport/">
</property>
    <property name="sun.cpu.endian" value="little"> </property>
    <property name="sun.io.unicode.encoding" value="UnicodeLittle"> </property>
    <property name="sun.cpu.isalist" value=""> </property>
  </properties>
  <testcase 
  name="Checking JDBC Connection Established or Not !!!" classname="ConnectionTest" time="0.219">
</testcase>
  <system-out><![CDATA[]]></system-out>
  <system-err><![CDATA[]]></system-err>
</testsuite>
